Total Duration: 804.21 seconds
Total Repetitions: 12093
Minimal objective value: 83.1763
Corresponding parameter setting:
StageTemperatureSum_1: 125.68
StageTemperatureSum_2: 226.904
StageTemperatureSum_3: 347.879
StageTemperatureSum_4: 179.346
StageTemperatureSum_5: 421.361
BaseDaylength_2: 8.95651
BaseDaylength_3: 7.37207
BaseDaylength_4: 4.91514
DaylengthRequirement_2: 17.8162
DaylengthRequirement_3: 17.5595
DaylengthRequirement_4: 16.8844
SpecificLeafArea_1: 0.00229722
SpecificLeafArea_2: 0.00262461
SpecificLeafArea_3: 0.00165471
SpecificLeafArea_4: 0.00247718
SpecificLeafArea_5: 0.00190001
******************************

