Total Duration: 3.09 seconds
Total Repetitions: 50
Minimal objective value: 1961.05
Corresponding parameter setting:
SpecificLeafArea_0: 0.00150814
SpecificLeafArea_1: 0.00151288
SpecificLeafArea_2: 0.000763617
SpecificLeafArea_3: 0.00216292
SpecificLeafArea_4: 0.00137403
SpecificLeafArea_5: 0.00188107
MaxAssimilationRate: 33.456
StageTemperatureSum_3: 198.041
StageTemperatureSum_4: 597.228
StageTemperatureSum_5: 33.6413
VernalisationRequirement_1: 43.4074
******************************

Total Duration: 319.14 seconds
Total Repetitions: 10762
Minimal objective value: 6.45262
Corresponding parameter setting:
StageTemperatureSum_1: 128.483
StageTemperatureSum_2: 202.95
StageTemperatureSum_3: 173.206
StageTemperatureSum_4: 227.469
StageTemperatureSum_5: 314.192
StageTemperatureSum_6: 25.4077
BaseDaylength_2: 5.47818
BaseDaylength_3: 6.53237
BaseDaylength_4: 6.75896
DaylengthRequirement_2: 17.8135
DaylengthRequirement_3: 15.5598
DaylengthRequirement_4: 20.7764
******************************

Total Duration: 306.36 seconds
Total Repetitions: 10487
Minimal objective value: 560.838
Corresponding parameter setting:
SpecificLeafArea_1: 0.00129109
SpecificLeafArea_2: 0.00265179
SpecificLeafArea_3: 0.00285245
SpecificLeafArea_4: 0.00164757
SpecificLeafArea_5: 0.00180294
SpecificLeafArea_6: 0.00177936
MaxAssimilationRate: 21.163
StageTemperatureSum_5: 591.473
StageTemperatureSum_6: 23.656
VernalisationRequirement_2: 74.736
******************************

Total Duration: 422.98 seconds
Total Repetitions: 10500
Minimal objective value: 2132.28
Corresponding parameter setting:
criticalOxygenContent_1: 0.109922
criticalOxygenContent_2: 0.10135
criticalOxygenContent_3: 0.0916221
criticalOxygenContent_4: 0.0699791
criticalOxygenContent_5: 0.0864516
criticalOxygenContent_6: 0.0973585
TimeUnderAnoxiaThreshold_1: 9.8918
TimeUnderAnoxiaThreshold_2: 3.48684
TimeUnderAnoxiaThreshold_3: 4.40781
TimeUnderAnoxiaThreshold_4: 1.24915
TimeUnderAnoxiaThreshold_5: 3.42755
TimeUnderAnoxiaThreshold_6: 11.3635
******************************

Total Duration: 71.21 seconds
Total Repetitions: 500
Minimal objective value: 2132.28
Corresponding parameter setting:
criticalOxygenContent_1: 0.0737054
criticalOxygenContent_2: 0.0509245
criticalOxygenContent_3: 0.102567
criticalOxygenContent_4: 0.0526175
criticalOxygenContent_5: 0.0516687
criticalOxygenContent_6: 0.0574014
TimeUnderAnoxiaThreshold_1: 5.10488
TimeUnderAnoxiaThreshold_2: 9.45031
TimeUnderAnoxiaThreshold_3: 9.86821
TimeUnderAnoxiaThreshold_4: 3.84581
TimeUnderAnoxiaThreshold_5: 9.63461
TimeUnderAnoxiaThreshold_6: 10.8237
******************************

Total Duration: 75.21 seconds
Total Repetitions: 500
Minimal objective value: 2132.28
Corresponding parameter setting:
criticalOxygenContent_1: 0.108097
criticalOxygenContent_2: 0.0780797
criticalOxygenContent_3: 0.0600753
criticalOxygenContent_4: 0.108296
criticalOxygenContent_5: 0.0692876
criticalOxygenContent_6: 0.076373
TimeUnderAnoxiaThreshold_1: 6.92806
TimeUnderAnoxiaThreshold_2: 5.49455
TimeUnderAnoxiaThreshold_3: 6.23254
TimeUnderAnoxiaThreshold_4: 8.4907
TimeUnderAnoxiaThreshold_5: 0.401045
TimeUnderAnoxiaThreshold_6: 2.41988
******************************

Total Duration: 1.77 seconds
Total Repetitions: 10
Minimal objective value: 2132.28
Corresponding parameter setting:
CriticalOxygenContent_1: 0.06719
CriticalOxygenContent_2: 0.0553514
CriticalOxygenContent_3: 0.0668888
CriticalOxygenContent_4: 0.0989128
CriticalOxygenContent_5: 0.0921754
CriticalOxygenContent_6: 0.0869956
TimeUnderAnoxiaThreshold_1: 0.905571
TimeUnderAnoxiaThreshold_2: 12.9042
TimeUnderAnoxiaThreshold_3: 0.913208
TimeUnderAnoxiaThreshold_4: 0.853347
TimeUnderAnoxiaThreshold_5: 5.58277
TimeUnderAnoxiaThreshold_6: 8.0376
******************************

Total Duration: 1.89 seconds
Total Repetitions: 10
Minimal objective value: 2132.28
Corresponding parameter setting:
CriticalOxygenContent_1: 0.0630889
CriticalOxygenContent_2: 0.0923068
CriticalOxygenContent_3: 0.0669875
CriticalOxygenContent_4: 0.0884992
CriticalOxygenContent_5: 0.0592177
CriticalOxygenContent_6: 0.0617466
TimeUnderAnoxiaThreshold_1: 4.15265
TimeUnderAnoxiaThreshold_2: 14.8796
TimeUnderAnoxiaThreshold_3: 5.71397
TimeUnderAnoxiaThreshold_4: 12.5768
TimeUnderAnoxiaThreshold_5: 13.0307
TimeUnderAnoxiaThreshold_6: 0.541668
******************************

Total Duration: 1.83 seconds
Total Repetitions: 10
Minimal objective value: 2125.39
Corresponding parameter setting:
CriticalOxygenContent_1: 0.0853427
CriticalOxygenContent_2: 0.0694097
CriticalOxygenContent_3: 0.107479
CriticalOxygenContent_4: 0.0521557
CriticalOxygenContent_5: 0.0882557
CriticalOxygenContent_6: 0.0653649
TimeUnderAnoxiaThreshold_1: 12.6377
TimeUnderAnoxiaThreshold_2: 12.5615
TimeUnderAnoxiaThreshold_3: 2.37616
TimeUnderAnoxiaThreshold_4: 9.32289
TimeUnderAnoxiaThreshold_5: 12.4317
TimeUnderAnoxiaThreshold_6: 5.56021
******************************

Total Duration: 149.97 seconds
Total Repetitions: 10500
Minimal objective value: 1e+308
Corresponding parameter setting:
CriticalOxygenContent_1: nan
CriticalOxygenContent_2: nan
CriticalOxygenContent_3: nan
CriticalOxygenContent_4: nan
CriticalOxygenContent_5: nan
CriticalOxygenContent_6: nan
TimeUnderAnoxiaThreshold_1: nan
TimeUnderAnoxiaThreshold_2: nan
TimeUnderAnoxiaThreshold_3: nan
TimeUnderAnoxiaThreshold_4: nan
TimeUnderAnoxiaThreshold_5: nan
TimeUnderAnoxiaThreshold_6: nan
******************************

Total Duration: 1221.0 seconds
Total Repetitions: 10948
Minimal objective value: 2120.71
Corresponding parameter setting:
CriticalOxygenContent_1: 0.074452
CriticalOxygenContent_2: 0.0654635
CriticalOxygenContent_3: 0.109991
CriticalOxygenContent_4: 0.0687118
CriticalOxygenContent_5: 0.0596255
CriticalOxygenContent_6: 0.0663254
TimeUnderAnoxiaThreshold_1: 9.63224
TimeUnderAnoxiaThreshold_2: 10.6286
TimeUnderAnoxiaThreshold_3: 1.17489
TimeUnderAnoxiaThreshold_4: 0.492866
TimeUnderAnoxiaThreshold_5: 0.777864
TimeUnderAnoxiaThreshold_6: 8.42312
******************************

